<?xml version="1.0" encoding="UTF-8"?>
<testng-results ignored="0" total="1" passed="1" failed="0" skipped="0">
  <reporter-output>
  </reporter-output>
  <suite started-at="2021-12-22T16:23:49 IST" name="demo.browser.AppTest" finished-at="2021-12-22T16:23:50 IST" duration-ms="146">
    <groups>
    </groups>
    <test started-at="2021-12-22T16:23:49 IST" name="Command line test" finished-at="2021-12-22T16:23:50 IST" duration-ms="146">
      <class name="demo.browser.AppTest">
        <test-method signature="testApp()[pri:0, instance:demo.browser.AppTest@3bd94634]" started-at="2021-12-22T16:23:50 IST" name="testApp" finished-at="2021-12-22T16:23:50 IST" duration-ms="8" status="PASS">
          <reporter-output>
          </reporter-output>
        </test-method> <!-- testApp -->
      </class> <!-- demo.browser.AppTest -->
    </test> <!-- Command line test -->
  </suite> <!-- demo.browser.AppTest -->
</testng-results>
