<?xml version="1.0" encoding="UTF-8"?>
<testng-results ignored="0" total="2" passed="2" failed="0" skipped="0">
  <reporter-output>
  </reporter-output>
  <suite started-at="2021-12-13T19:33:34 IST" name="Default suite" finished-at="2021-12-13T19:34:07 IST" duration-ms="32892">
    <groups>
    </groups>
    <test started-at="2021-12-13T19:33:34 IST" name="Default test" finished-at="2021-12-13T19:34:07 IST" duration-ms="32892">
      <class name="demo.browser.amazontest">
        <test-method signature="basePageNavigation()[pri:0, instance:demo.browser.amazontest@333291e3]" started-at="2021-12-13T19:33:34 IST" name="basePageNavigation" finished-at="2021-12-13T19:33:41 IST" duration-ms="6556" status="PASS">
          <reporter-output>
          </reporter-output>
        </test-method> <!-- basePageNavigation -->
        <test-method signature="amazonSelenium()[pri:0, instance:demo.browser.amazontest@333291e3]" started-at="2021-12-13T19:33:41 IST" name="amazonSelenium" finished-at="2021-12-13T19:34:07 IST" depends-on-methods="demo.browser.amazontest.basePageNavigation" duration-ms="26273" status="PASS">
          <reporter-output>
          </reporter-output>
        </test-method> <!-- amazonSelenium -->
        <test-method is-config="true" signature="success()[pri:0, instance:demo.browser.amazontest@333291e3]" started-at="2021-12-13T19:34:07 IST" name="success" finished-at="2021-12-13T19:34:07 IST" duration-ms="1" status="PASS">
          <reporter-output>
          </reporter-output>
        </test-method> <!-- success -->
      </class> <!-- demo.browser.amazontest -->
    </test> <!-- Default test -->
  </suite> <!-- Default suite -->
</testng-results>
